<?xml version="1.0" encoding="UTF-8"?>
<!-- Generated by org.testng.reporters.JUnitXMLReporter -->
<testsuite hostname="jaharon-lt" ignored="0" name="Automation - IE - 0" tests="1" failures="0" timestamp="25 Dec 2018 08:26:28 GMT" time="0.032" errors="0">
  <testcase name="@BeforeTest setUp" time="0.0" classname="JenkinsAutomation.DesktopWebTest">
    <failure type="org.testng.TestNGException" message="
Parameter &amp;apos;browser_name&amp;apos; is required by BeforeTest on method setUp but has not been marked @Optional or defined
in testng.xml">
      <![CDATA[org.testng.TestNGException: 
Parameter 'browser_name' is required by BeforeTest on method setUp but has not been marked @Optional or defined
in testng.xml
at java.util.concurrent.FutureTask.run(Unknown Source)
at java.util.concurrent.ThreadPoolExecutor.runWorker(Unknown Source)
at java.util.concurrent.ThreadPoolExecutor$Worker.run(Unknown Source)
at java.lang.Thread.run(Unknown Source)
... Removed 12 stack frames]]>
    </failure>
  </testcase> <!-- @BeforeTest setUp -->
  <testcase name="@AfterTest tearDown" time="0.0" classname="JenkinsAutomation.DesktopWebTest">
    <skipped/>
  </testcase> <!-- @AfterTest tearDown -->
  <testcase name="@BeforeTest setUp" time="0.0" classname="JenkinsAutomation.AndroidTest">
    <failure type="java.lang.NullPointerException">
      <![CDATA[java.lang.NullPointerException
at JenkinsAutomation.AndroidTest.setUp(AndroidTest.java:30)
at java.util.concurrent.FutureTask.run(Unknown Source)
at java.util.concurrent.ThreadPoolExecutor.runWorker(Unknown Source)
at java.util.concurrent.ThreadPoolExecutor$Worker.run(Unknown Source)
at java.lang.Thread.run(Unknown Source)
... Removed 15 stack frames]]>
    </failure>
  </testcase> <!-- @BeforeTest setUp -->
  <testcase name="testExperitest" time="0.0" classname="JenkinsAutomation.DesktopWebTest">
    <skipped/>
  </testcase> <!-- testExperitest -->
</testsuite> <!-- Automation - IE - 0 -->
